# JRE version: OpenJDK Runtime Environment (7.0_79-b14) (build 1.7.0_79-b14)
# Java VM: OpenJDK 64-Bit Server VM (24.79-b02 mixed mode linux-amd64 compressed oops)
Heap
 PSYoungGen      total 95232K, used 36556K [0x00000000f5500000, 0x00000000fc580000, 0x0000000100000000)
  eden space 84480K, 30% used [0x00000000f5500000,0x00000000f6e3a170,0x00000000fa780000)
  from space 10752K, 99% used [0x00000000fb700000,0x00000000fc179050,0x00000000fc180000)
  to   space 15360K, 0% used [0x00000000fa780000,0x00000000fa780000,0x00000000fb680000)
 ParOldGen       total 44032K, used 34071K [0x00000000e0000000, 0x00000000e2b00000, 0x00000000f5500000)
  object space 44032K, 77% used [0x00000000e0000000,0x00000000e2145ff0,0x00000000e2b00000)
 PSPermGen       total 54272K, used 48852K [0x00000000d0000000, 0x00000000d3500000, 0x00000000e0000000)
  object space 54272K, 90% used [0x00000000d0000000,0x00000000d2fb53e8,0x00000000d3500000)
GC Heap History (10 events):
Event: 8.680 GC heap before
{Heap before GC invocations=11 (full 0):
 PSYoungGen      total 42496K, used 35168K [0x00000000f5500000, 0x00000000f8600000, 0x0000000100000000)
  eden space 34816K, 100% used [0x00000000f5500000,0x00000000f7700000,0x00000000f7700000)
  from space 7680K, 4% used [0x00000000f7e80000,0x00000000f7ed8000,0x00000000f8600000)
  to   space 7680K, 0% used [0x00000000f7700000,0x00000000f7700000,0x00000000f7e80000)
 ParOldGen       total 27648K, used 18238K [0x00000000e0000000, 0x00000000e1b00000, 0x00000000f5500000)
  object space 27648K, 65% used [0x00000000e0000000,0x00000000e11cfa38,0x00000000e1b00000)
 PSPermGen       total 23552K, used 23055K [0x00000000d0000000, 0x00000000d1700000, 0x00000000e0000000)
  object space 23552K, 97% used [0x00000000d0000000,0x00000000d1683ea8,0x00000000d1700000)
Event: 8.682 GC heap after
Heap after GC invocations=11 (full 0):
 PSYoungGen      total 42496K, used 192K [0x00000000f5500000, 0x00000000f9a80000, 0x0000000100000000)
  eden space 34816K, 0% used [0x00000000f5500000,0x00000000f5500000,0x00000000f7700000)
  from space 7680K, 2% used [0x00000000f7700000,0x00000000f7730000,0x00000000f7e80000)
  to   space 7680K, 0% used [0x00000000f9300000,0x00000000f9300000,0x00000000f9a80000)
 ParOldGen       total 27648K, used 18486K [0x00000000e0000000, 0x00000000e1b00000, 0x00000000f5500000)
  object space 27648K, 66% used [0x00000000e0000000,0x00000000e120da38,0x00000000e1b00000)
 PSPermGen       total 23552K, used 23055K [0x00000000d0000000, 0x00000000d1700000, 0x00000000e0000000)
  object space 23552K, 97% used [0x00000000d0000000,0x00000000d1683ea8,0x00000000d1700000)
}
Event: 8.741 GC heap before
{Heap before GC invocations=12 (full 0):
 PSYoungGen      total 42496K, used 35008K [0x00000000f5500000, 0x00000000f9a80000, 0x0000000100000000)
  eden space 34816K, 100% used [0x00000000f5500000,0x00000000f7700000,0x00000000f7700000)
  from space 7680K, 2% used [0x00000000f7700000,0x00000000f7730000,0x00000000f7e80000)
  to   space 7680K, 0% used [0x00000000f9300000,0x00000000f9300000,0x00000000f9a80000)
 ParOldGen       total 27648K, used 18486K [0x00000000e0000000, 0x00000000e1b00000, 0x00000000f5500000)
  object space 27648K, 66% used [0x00000000e0000000,0x00000000e120da38,0x00000000e1b00000)
 PSPermGen       total 23552K, used 23059K [0x00000000d0000000, 0x00000000d1700000, 0x00000000e0000000)
  object space 23552K, 97% used [0x00000000d0000000,0x00000000d1684dc0,0x00000000d1700000)
Event: 8.749 GC heap after
Heap after GC invocations=12 (full 0):
 PSYoungGen      total 63488K, used 272K [0x00000000f5500000, 0x00000000f9a80000, 0x0000000100000000)
  eden space 55808K, 0% used [0x00000000f5500000,0x00000000f5500000,0x00000000f8b80000)
  from space 7680K, 3% used [0x00000000f9300000,0x00000000f9344010,0x00000000f9a80000)
  to   space 7680K, 0% used [0x00000000f8b80000,0x00000000f8b80000,0x00000000f9300000)
 ParOldGen       total 27648K, used 18670K [0x00000000e0000000, 0x00000000e1b00000, 0x00000000f5500000)
  object space 27648K, 67% used [0x00000000e0000000,0x00000000e123ba38,0x00000000e1b00000)
 PSPermGen       total 23552K, used 23059K [0x00000000d0000000, 0x00000000d1700000, 0x00000000e0000000)
  object space 23552K, 97% used [0x00000000d0000000,0x00000000d1684dc0,0x00000000d1700000)
}
Event: 11.397 GC heap before
{Heap before GC invocations=13 (full 0):
 PSYoungGen      total 63488K, used 56027K [0x00000000f5500000, 0x00000000f9a80000, 0x0000000100000000)
  eden space 55808K, 99% used [0x00000000f5500000,0x00000000f8b72fe0,0x00000000f8b80000)
  from space 7680K, 3% used [0x00000000f9300000,0x00000000f9344010,0x00000000f9a80000)
  to   space 7680K, 0% used [0x00000000f8b80000,0x00000000f8b80000,0x00000000f9300000)
 ParOldGen       total 27648K, used 18670K [0x00000000e0000000, 0x00000000e1b00000, 0x00000000f5500000)
  object space 27648K, 67% used [0x00000000e0000000,0x00000000e123ba38,0x00000000e1b00000)
 PSPermGen       total 27136K, used 27127K [0x00000000d0000000, 0x00000000d1a80000, 0x00000000e0000000)
  object space 27136K, 99% used [0x00000000d0000000,0x00000000d1a7dec0,0x00000000d1a80000)
Event: 11.404 GC heap after
Heap after GC invocations=13 (full 0):
 PSYoungGen      total 63488K, used 7650K [0x00000000f5500000, 0x00000000fc180000, 0x0000000100000000)
  eden space 55808K, 0% used [0x00000000f5500000,0x00000000f5500000,0x00000000f8b80000)
  from space 7680K, 99% used [0x00000000f8b80000,0x00000000f92f8810,0x00000000f9300000)
  to   space 10752K, 0% used [0x00000000fb700000,0x00000000fb700000,0x00000000fc180000)
 ParOldGen       total 27648K, used 22331K [0x00000000e0000000, 0x00000000e1b00000, 0x00000000f5500000)
  object space 27648K, 80% used [0x00000000e0000000,0x00000000e15cee20,0x00000000e1b00000)
 PSPermGen       total 27136K, used 27127K [0x00000000d0000000, 0x00000000d1a80000, 0x00000000e0000000)
  object space 27136K, 99% used [0x00000000d0000000,0x00000000d1a7dec0,0x00000000d1a80000)
}
Event: 11.404 GC heap before
{Heap before GC invocations=14 (full 1):
 PSYoungGen      total 63488K, used 7650K [0x00000000f5500000, 0x00000000fc180000, 0x0000000100000000)
  eden space 55808K, 0% used [0x00000000f5500000,0x00000000f5500000,0x00000000f8b80000)
  from space 7680K, 99% used [0x00000000f8b80000,0x00000000f92f8810,0x00000000f9300000)
  to   space 10752K, 0% used [0x00000000fb700000,0x00000000fb700000,0x00000000fc180000)
 ParOldGen       total 27648K, used 22331K [0x00000000e0000000, 0x00000000e1b00000, 0x00000000f5500000)
  object space 27648K, 80% used [0x00000000e0000000,0x00000000e15cee20,0x00000000e1b00000)
 PSPermGen       total 27136K, used 27127K [0x00000000d0000000, 0x00000000d1a80000, 0x00000000e0000000)
  object space 27136K, 99% used [0x00000000d0000000,0x00000000d1a7dec0,0x00000000d1a80000)
Event: 11.489 GC heap after
Heap after GC invocations=14 (full 1):
 PSYoungGen      total 63488K, used 0K [0x00000000f5500000, 0x00000000fc180000, 0x0000000100000000)
  eden space 55808K, 0% used [0x00000000f5500000,0x00000000f5500000,0x00000000f8b80000)
  from space 7680K, 0% used [0x00000000f8b80000,0x00000000f8b80000,0x00000000f9300000)
  to   space 10752K, 0% used [0x00000000fb700000,0x00000000fb700000,0x00000000fc180000)
 ParOldGen       total 44032K, used 25989K [0x00000000e0000000, 0x00000000e2b00000, 0x00000000f5500000)
  object space 44032K, 59% used [0x00000000e0000000,0x00000000e19616a8,0x00000000e2b00000)
 PSPermGen       total 54272K, used 27114K [0x00000000d0000000, 0x00000000d3500000, 0x00000000e0000000)
  object space 54272K, 49% used [0x00000000d0000000,0x00000000d1a7ab20,0x00000000d3500000)
}
Event: 16.265 GC heap before
{Heap before GC invocations=15 (full 1):
 PSYoungGen      total 63488K, used 55808K [0x00000000f5500000, 0x00000000fc180000, 0x0000000100000000)
  eden space 55808K, 100% used [0x00000000f5500000,0x00000000f8b80000,0x00000000f8b80000)
  from space 7680K, 0% used [0x00000000f8b80000,0x00000000f8b80000,0x00000000f9300000)
  to   space 10752K, 0% used [0x00000000fb700000,0x00000000fb700000,0x00000000fc180000)
 ParOldGen       total 44032K, used 25989K [0x00000000e0000000, 0x00000000e2b00000, 0x00000000f5500000)
  object space 44032K, 59% used [0x00000000e0000000,0x00000000e19616a8,0x00000000e2b00000)
 PSPermGen       total 54272K, used 42603K [0x00000000d0000000, 0x00000000d3500000, 0x00000000e0000000)
  object space 54272K, 78% used [0x00000000d0000000,0x00000000d299ad88,0x00000000d3500000)
Event: 16.284 GC heap after
Heap after GC invocations=15 (full 1):
 PSYoungGen      total 95232K, used 10724K [0x00000000f5500000, 0x00000000fc580000, 0x0000000100000000)
  eden space 84480K, 0% used [0x00000000f5500000,0x00000000f5500000,0x00000000fa780000)
  from space 10752K, 99% used [0x00000000fb700000,0x00000000fc179050,0x00000000fc180000)
  to   space 15360K, 0% used [0x00000000fa780000,0x00000000fa780000,0x00000000fb680000)
 ParOldGen       total 44032K, used 34071K [0x00000000e0000000, 0x00000000e2b00000, 0x00000000f5500000)
  object space 44032K, 77% used [0x00000000e0000000,0x00000000e2145ff0,0x00000000e2b00000)
 PSPermGen       total 54272K, used 42603K [0x00000000d0000000, 0x00000000d3500000, 0x00000000e0000000)
  object space 54272K, 78% used [0x00000000d0000000,0x00000000d299ad88,0x00000000d3500000)
}

